;  LST file generated by mikroListExporter - v.2.0 
; Date/Time: 16/03/2018 7:46:31 AM
;----------------------------------------------

;Address Opcode 	ASM
0x0000	0x000000040454  	GOTO	_main
0x0004	0x000000  	0
0x0006	0x000000  	0
0x0008	0x000000  	0
0x000A	0x000000  	0
0x000C	0x000000  	0
0x000E	0x000000  	0
0x0010	0x000000  	0
0x0012	0x000000  	0
0x0014	0x000000  	0
0x0016	0x000000  	0
0x0018	0x000000  	0
0x001A	0x000000  	0
0x001C	0x000000  	0
0x001E	0x000000  	0
0x0020	0x000000  	0
0x0022	0x000000  	0
0x0024	0x000000  	0
0x0026	0x000000  	0
0x0028	0x000000  	0
0x002A	0x000000  	0
0x002C	0x000000  	0
0x002E	0x000000  	0
0x0030	0x000000  	0
0x0032	0x000000  	0
0x0034	0x000000  	0
0x0036	0x000000  	0
0x0038	0x000000  	0
0x003A	0x000000  	0
0x003C	0x000000  	0
0x003E	0x000000  	0
0x0040	0x000000  	0
0x0042	0x000000  	0
0x0044	0x000000  	0
0x0046	0x000000  	0
0x0048	0x000000  	0
0x004A	0x000000  	0
0x004C	0x000000  	0
0x004E	0x000000  	0
0x0050	0x000000  	0
0x0052	0x000000  	0
0x0054	0x000000  	0
0x0056	0x000000  	0
0x0058	0x000000  	0
0x005A	0x000000  	0
0x005C	0x000000  	0
0x005E	0x000000  	0
0x0060	0x000000  	0
0x0062	0x000000  	0
0x0064	0x000000  	0
0x0066	0x000000  	0
0x0068	0x000000  	0
0x006A	0x000000  	0
0x006C	0x000000  	0
0x006E	0x000000  	0
0x0070	0x000000  	0
0x0072	0x000000  	0
0x0074	0x000000  	0
0x0076	0x000000  	0
0x0078	0x000000  	0
0x007A	0x000000  	0
0x007C	0x000000  	0
0x007E	0x000000  	0
0x0080	0x000000  	0
0x0082	0x000000  	0
0x0084	0x000000  	0
0x0086	0x000000  	0
0x0088	0x000000  	0
0x008A	0x000000  	0
0x008C	0x000000  	0
0x008E	0x000000  	0
0x0090	0x000000  	0
0x0092	0x000000  	0
0x0094	0x000000  	0
0x0096	0x000000  	0
0x0098	0x000000  	0
0x009A	0x000000  	0
0x009C	0x000000  	0
0x009E	0x000000  	0
0x00A0	0x000000  	0
0x00A2	0x000000  	0
0x00A4	0x000000  	0
0x00A6	0x000000  	0
0x00A8	0x000000  	0
0x00AA	0x000000  	0
0x00AC	0x000000  	0
0x00AE	0x000000  	0
0x00B0	0x000000  	0
0x00B2	0x000000  	0
0x00B4	0x000000  	0
0x00B6	0x000000  	0
0x00B8	0x000000  	0
0x00BA	0x000000  	0
0x00BC	0x000000  	0
0x00BE	0x000000  	0
0x00C0	0x000000  	0
0x00C2	0x000000  	0
0x00C4	0x000000  	0
0x00C6	0x000000  	0
0x00C8	0x000000  	0
0x00CA	0x000000  	0
0x00CC	0x000000  	0
0x00CE	0x000000  	0
0x00D0	0x000000  	0
0x00D2	0x000000  	0
0x00D4	0x000000  	0
0x00D6	0x000000  	0
0x00D8	0x000000  	0
0x00DA	0x000000  	0
0x00DC	0x000000  	0
0x00DE	0x000000  	0
0x00E0	0x000000  	0
0x00E2	0x000000  	0
0x00E4	0x000000  	0
0x00E6	0x000000  	0
0x00E8	0x000000  	0
0x00EA	0x000000  	0
0x00EC	0x000000  	0
0x00EE	0x000000  	0
0x00F0	0x000000  	0
0x00F2	0x000000  	0
0x00F4	0x000000  	0
0x00F6	0x000000  	0
0x00F8	0x000000  	0
0x00FA	0x000000  	0
0x00FC	0x000000  	0
0x00FE	0x000000  	0
0x0100	0x000000  	0
0x0102	0x000000  	0
0x0104	0x000000  	0
0x0106	0x000000  	0
0x0108	0x000000  	0
0x010A	0x000000  	0
0x010C	0x000000  	0
0x010E	0x000000  	0
0x0110	0x000000  	0
0x0112	0x000000  	0
0x0114	0x000000  	0
0x0116	0x000000  	0
0x0118	0x000000  	0
0x011A	0x000000  	0
0x011C	0x000000  	0
0x011E	0x000000  	0
0x0120	0x000000  	0
0x0122	0x000000  	0
0x0124	0x000000  	0
0x0126	0x000000  	0
0x0128	0x000000  	0
0x012A	0x000000  	0
0x012C	0x000000  	0
0x012E	0x000000  	0
0x0130	0x000000  	0
0x0132	0x000000  	0
0x0134	0x000000  	0
0x0136	0x000000  	0
0x0138	0x000000  	0
0x013A	0x000000  	0
0x013C	0x000000  	0
0x013E	0x000000  	0
0x0140	0x000000  	0
0x0142	0x000000  	0
0x0144	0x000000  	0
0x0146	0x000000  	0
0x0148	0x000000  	0
0x014A	0x000000  	0
0x014C	0x000000  	0
0x014E	0x000000  	0
0x0150	0x000000  	0
0x0152	0x000000  	0
0x0154	0x000000  	0
0x0156	0x000000  	0
0x0158	0x000000  	0
0x015A	0x000000  	0
0x015C	0x000000  	0
0x015E	0x000000  	0
0x0160	0x000000  	0
0x0162	0x000000  	0
0x0164	0x000000  	0
0x0166	0x000000  	0
0x0168	0x000000  	0
0x016A	0x000000  	0
0x016C	0x000000  	0
0x016E	0x000000  	0
0x0170	0x000000  	0
0x0172	0x000000  	0
0x0174	0x000000  	0
0x0176	0x000000  	0
0x0178	0x000000  	0
0x017A	0x000000  	0
0x017C	0x000000  	0
0x017E	0x000000  	0
0x0180	0x000000  	0
0x0182	0x000000  	0
0x0184	0x000000  	0
0x0186	0x000000  	0
0x0188	0x000000  	0
0x018A	0x000000  	0
0x018C	0x000000  	0
0x018E	0x000000  	0
0x0190	0x000000  	0
0x0192	0x000000  	0
0x0194	0x000000  	0
0x0196	0x000000  	0
0x0198	0x000000  	0
0x019A	0x000000  	0
0x019C	0x000000  	0
0x019E	0x000000  	0
0x01A0	0x000000  	0
0x01A2	0x000000  	0
0x01A4	0x000000  	0
0x01A6	0x000000  	0
0x01A8	0x000000  	0
0x01AA	0x000000  	0
0x01AC	0x000000  	0
0x01AE	0x000000  	0
0x01B0	0x000000  	0
0x01B2	0x000000  	0
0x01B4	0x000000  	0
0x01B6	0x000000  	0
0x01B8	0x000000  	0
0x01BA	0x000000  	0
0x01BC	0x000000  	0
0x01BE	0x000000  	0
0x01C0	0x000000  	0
0x01C2	0x000000  	0
0x01C4	0x000000  	0
0x01C6	0x000000  	0
0x01C8	0x000000  	0
0x01CA	0x000000  	0
0x01CC	0x000000  	0
0x01CE	0x000000  	0
0x01D0	0x000000  	0
0x01D2	0x000000  	0
0x01D4	0x000000  	0
0x01D6	0x000000  	0
0x01D8	0x000000  	0
0x01DA	0x000000  	0
0x01DC	0x000000  	0
0x01DE	0x000000  	0
0x01E0	0x000000  	0
0x01E2	0x000000  	0
0x01E4	0x000000  	0
0x01E6	0x000000  	0
0x01E8	0x000000  	0
0x01EA	0x000000  	0
0x01EC	0x000000  	0
0x01EE	0x000000  	0
0x01F0	0x000000  	0
0x01F2	0x000000  	0
0x01F4	0x000000  	0
0x01F6	0x000000  	0
0x01F8	0x000000  	0
0x01FA	0x000000  	0
0x01FC	0x000000  	0
0x01FE	0x000000  	0
_main:
0x0454	0x2100CF  	MOV	#4108, W15
0x0456	0x27FFF0  	MOV	#32767, W0
0x0458	0xB7A020  	MOV	WREG, SPLIM
0x045A	0x202010  	MOV	#513, W0
0x045C	0xB7A032  	MOV	WREG, DSRPAG
0x045E	0x200040  	MOV	#4, W0
0x0460	0xB72044  	IOR	CORCON
;Lab1.c,97 :: 		void main(){
;Lab1.c,98 :: 		config_INT();
0x0462	0x781F8A  	PUSH	W10
0x0464	0x781F8B  	PUSH	W11
0x0466	0x781F8C  	PUSH	W12
0x0468	0x781F8D  	PUSH	W13
0x046A	0x07FF44  	RCALL	_config_INT
;Lab1.c,99 :: 		config_IO();
0x046C	0x07FF97  	RCALL	_config_IO
;Lab1.c,102 :: 		Glcd_Init();
0x046E	0x07FF69  	RCALL	_Glcd_Init
;Lab1.c,103 :: 		Glcd_Set_Font(font5x7 , 5, 7, 32);
0x0470	0x202010  	MOV	#513, W0
0x0472	0xB3C07D  	MOV.B	#7, W13
0x0474	0xB3C05C  	MOV.B	#5, W12
0x0476	0x28000A  	MOV	#lo_addr(_font5x7), W10
0x0478	0x780580  	MOV	W0, W11
0x047A	0x200200  	MOV	#32, W0
0x047C	0x781F80  	PUSH	W0
0x047E	0x07FF53  	RCALL	_Glcd_Set_Font
0x0480	0xB1002F  	SUB	#2, W15
;Lab1.c,104 :: 		Glcd_Fill(0);
0x0482	0xEF2014  	CLR	W10
0x0484	0x07FF10  	RCALL	_Glcd_Fill
;Lab1.c,105 :: 		while(1){
L_main12:
;Lab1.c,106 :: 		LATB = ~LATB;        // Invert PORTB value
0x0486	0xEEAE14  	COM	LATB
;Lab1.c,113 :: 		}
0x0488	0x37FFFE  	BRA	L_main12
;Lab1.c,114 :: 		}
L_end_main:
0x048A	0x7806CF  	POP	W13
0x048C	0x78064F  	POP	W12
0x048E	0x7805CF  	POP	W11
0x0490	0x78054F  	POP	W10
L__main_end_loop:
0x0492	0x37FFFF  	BRA	L__main_end_loop
; end of _main
_config_INT:
;Lab1.c,50 :: 		void config_INT(){
;Lab1.c,51 :: 		SRbits.IPL =0;// iNTERRUPCION DE CPU ES DE NIVEL 0
0x02F4	0x200420  	MOV	#lo_addr(SRbits), W0
0x02F6	0x784090  	MOV.B	[W0], W1
0x02F8	0xB3C1F0  	MOV.B	#31, W0
0x02FA	0x60C080  	AND.B	W1, W0, W1
0x02FC	0x200420  	MOV	#lo_addr(SRbits), W0
0x02FE	0x784801  	MOV.B	W1, [W0]
;Lab1.c,52 :: 		INTCON1bits.NSTDIS =0;// INTERRUPCION ANIDADAS ACTIVADAS
0x0300	0xA9E8C1  	BCLR	INTCON1bits, #15
;Lab1.c,53 :: 		INTCON2bits.GIE=1; //interrupciones habilitadas
0x0302	0xA8E8C3  	BSET	INTCON2bits, #15
;Lab1.c,54 :: 		CORCONbits.IPL3 = 0; // El nivel del cpu es de nivel 0, las interrupciones por perifericos habilitadas
0x0304	0xA96044  	BCLR	CORCONbits, #3
;Lab1.c,56 :: 		IEC0bits.INT0IE=1; //HABILITA INTERRUPCION POR INT0
0x0306	0xA80820  	BSET	IEC0bits, #0
;Lab1.c,57 :: 		IEC1bits.INT1IE=1; //HABILITA
0x0308	0xA88822  	BSET	IEC1bits, #4
;Lab1.c,58 :: 		IEC1bits.INT2IE=1;
0x030A	0xA8A823  	BSET	IEC1bits, #13
;Lab1.c,59 :: 		IEC3bits.INT3IE=1;
0x030C	0xA8A826  	BSET	IEC3bits, #5
;Lab1.c,60 :: 		IEC3bits.INT4IE=1;
0x030E	0xA8C826  	BSET	IEC3bits, #6
;Lab1.c,62 :: 		INTCON2bits.INT0EP=0;
0x0310	0xA908C2  	BCLR	INTCON2bits, #0
;Lab1.c,63 :: 		INTCON2bits.INT1EP=0;
0x0312	0xA928C2  	BCLR	INTCON2bits, #1
;Lab1.c,64 :: 		INTCON2bits.INT2EP=0;
0x0314	0xA948C2  	BCLR	INTCON2bits, #2
;Lab1.c,65 :: 		INTCON2bits.INT3EP=0;
0x0316	0xA968C2  	BCLR	INTCON2bits, #3
;Lab1.c,66 :: 		INTCON2bits.INT4EP =0;
0x0318	0xA988C2  	BCLR	INTCON2bits, #4
;Lab1.c,68 :: 		IFS0bits.INT0IF=0; //interrupcion de INT0 ACTIVADA
0x031A	0xA90800  	BCLR	IFS0bits, #0
;Lab1.c,69 :: 		IFS1bits.INT2IF =0; // interrupcion de INT1 ACTIVADA
0x031C	0xA9A803  	BCLR	IFS1bits, #13
;Lab1.c,70 :: 		IFS1bits.INT2IF =0 ; // INTERRIPCION DE INT2 ACTVADA
0x031E	0xA9A803  	BCLR	IFS1bits, #13
;Lab1.c,71 :: 		IFS3bits.INT3IF =0; //INTERRUPCION DE INT3 ACTIVADA
0x0320	0xA9A806  	BCLR	IFS3bits, #5
;Lab1.c,72 :: 		IFS3bits.INT4IF =0; // INTERRUPCION DE INT4 ACTIVADA
0x0322	0xA9C806  	BCLR	IFS3bits, #6
;Lab1.c,74 :: 		}
L_end_config_INT:
0x0324	0x060000  	RETURN
; end of _config_INT
_config_IO:
;Lab1.c,76 :: 		void config_IO(){
;Lab1.c,77 :: 		ANSELC=0; ANSELD=0; ANSELE=0;                  //ANALOGICO SON B Y F
0x039C	0xEF2E2E  	CLR	ANSELC
0x039E	0xEF2E3E  	CLR	ANSELD
0x03A0	0xEF2E4E  	CLR	ANSELE
;Lab1.c,79 :: 		RPINR0bits.INT1R = 47;
0x03A2	0x22F000  	MOV	#12032, W0
0x03A4	0x780080  	MOV	W0, W1
0x03A6	0x206A00  	MOV	#lo_addr(RPINR0bits), W0
0x03A8	0x688090  	XOR	W1, [W0], W1
0x03AA	0x27F000  	MOV	#32512, W0
0x03AC	0x608080  	AND	W1, W0, W1
0x03AE	0x206A00  	MOV	#lo_addr(RPINR0bits), W0
0x03B0	0x688090  	XOR	W1, [W0], W1
0x03B2	0x883501  	MOV	W1, RPINR0bits
;Lab1.c,80 :: 		RPINR1bits.INT2R = 46;
0x03B4	0xB3C2E0  	MOV.B	#46, W0
0x03B6	0x784080  	MOV.B	W0, W1
0x03B8	0x206A20  	MOV	#lo_addr(RPINR1bits), W0
0x03BA	0x68C090  	XOR.B	W1, [W0], W1
0x03BC	0xB3C7F0  	MOV.B	#127, W0
0x03BE	0x60C080  	AND.B	W1, W0, W1
0x03C0	0x206A20  	MOV	#lo_addr(RPINR1bits), W0
0x03C2	0x68C090  	XOR.B	W1, [W0], W1
0x03C4	0x206A20  	MOV	#lo_addr(RPINR1bits), W0
0x03C6	0x784801  	MOV.B	W1, [W0]
;Lab1.c,81 :: 		RPINR1bits.INT3R=  45;
0x03C8	0x22D000  	MOV	#11520, W0
0x03CA	0x780080  	MOV	W0, W1
0x03CC	0x206A20  	MOV	#lo_addr(RPINR1bits), W0
0x03CE	0x688090  	XOR	W1, [W0], W1
0x03D0	0x27F000  	MOV	#32512, W0
0x03D2	0x608080  	AND	W1, W0, W1
0x03D4	0x206A20  	MOV	#lo_addr(RPINR1bits), W0
0x03D6	0x688090  	XOR	W1, [W0], W1
0x03D8	0x883511  	MOV	W1, RPINR1bits
;Lab1.c,82 :: 		RPINR2bits.INT4R=  44;
0x03DA	0xB3C2C0  	MOV.B	#44, W0
0x03DC	0x784080  	MOV.B	W0, W1
0x03DE	0x206A40  	MOV	#lo_addr(RPINR2bits), W0
0x03E0	0x68C090  	XOR.B	W1, [W0], W1
0x03E2	0xB3C7F0  	MOV.B	#127, W0
0x03E4	0x60C080  	AND.B	W1, W0, W1
0x03E6	0x206A40  	MOV	#lo_addr(RPINR2bits), W0
0x03E8	0x68C090  	XOR.B	W1, [W0], W1
0x03EA	0x206A40  	MOV	#lo_addr(RPINR2bits), W0
0x03EC	0x784801  	MOV.B	W1, [W0]
;Lab1.c,84 :: 		IPC0bits.INT0IP= 1;
0x03EE	0xB3C010  	MOV.B	#1, W0
0x03F0	0x784080  	MOV.B	W0, W1
0x03F2	0x208400  	MOV	#lo_addr(IPC0bits), W0
0x03F4	0x68C090  	XOR.B	W1, [W0], W1
0x03F6	0x60C0E7  	AND.B	W1, #7, W1
0x03F8	0x208400  	MOV	#lo_addr(IPC0bits), W0
0x03FA	0x68C090  	XOR.B	W1, [W0], W1
0x03FC	0x208400  	MOV	#lo_addr(IPC0bits), W0
0x03FE	0x784801  	MOV.B	W1, [W0]
;Lab1.c,85 :: 		IPC5BITS.INT1IP= 2;
0x0400	0xB3C020  	MOV.B	#2, W0
0x0402	0x784080  	MOV.B	W0, W1
0x0404	0x2084A0  	MOV	#lo_addr(IPC5bits), W0
0x0406	0x68C090  	XOR.B	W1, [W0], W1
0x0408	0x60C0E7  	AND.B	W1, #7, W1
0x040A	0x2084A0  	MOV	#lo_addr(IPC5bits), W0
0x040C	0x68C090  	XOR.B	W1, [W0], W1
0x040E	0x2084A0  	MOV	#lo_addr(IPC5bits), W0
0x0410	0x784801  	MOV.B	W1, [W0]
;Lab1.c,86 :: 		IPC7bits.INT2IP =3;
0x0412	0xB3C300  	MOV.B	#48, W0
0x0414	0x784080  	MOV.B	W0, W1
0x0416	0x2084E0  	MOV	#lo_addr(IPC7bits), W0
0x0418	0x68C090  	XOR.B	W1, [W0], W1
0x041A	0xB3C700  	MOV.B	#112, W0
0x041C	0x60C080  	AND.B	W1, W0, W1
0x041E	0x2084E0  	MOV	#lo_addr(IPC7bits), W0
0x0420	0x68C090  	XOR.B	W1, [W0], W1
0x0422	0x2084E0  	MOV	#lo_addr(IPC7bits), W0
0x0424	0x784801  	MOV.B	W1, [W0]
;Lab1.c,87 :: 		IPC13bits.INT3IP=4;
0x0426	0xB3C400  	MOV.B	#64, W0
0x0428	0x784080  	MOV.B	W0, W1
0x042A	0x2085A0  	MOV	#lo_addr(IPC13bits), W0
0x042C	0x68C090  	XOR.B	W1, [W0], W1
0x042E	0xB3C700  	MOV.B	#112, W0
0x0430	0x60C080  	AND.B	W1, W0, W1
0x0432	0x2085A0  	MOV	#lo_addr(IPC13bits), W0
0x0434	0x68C090  	XOR.B	W1, [W0], W1
0x0436	0x2085A0  	MOV	#lo_addr(IPC13bits), W0
0x0438	0x784801  	MOV.B	W1, [W0]
;Lab1.c,88 :: 		IPC13bits.INT4IP=5;
0x043A	0x205000  	MOV	#1280, W0
0x043C	0x780080  	MOV	W0, W1
0x043E	0x2085A0  	MOV	#lo_addr(IPC13bits), W0
0x0440	0x688090  	XOR	W1, [W0], W1
0x0442	0x207000  	MOV	#1792, W0
0x0444	0x608080  	AND	W1, W0, W1
0x0446	0x2085A0  	MOV	#lo_addr(IPC13bits), W0
0x0448	0x688090  	XOR	W1, [W0], W1
0x044A	0x8842D1  	MOV	W1, IPC13bits
;Lab1.c,91 :: 		LATB = 0;              // Set PORTB to zero
0x044C	0xEF2E14  	CLR	LATB
;Lab1.c,92 :: 		ANSELB = 0;
0x044E	0xEF2E1E  	CLR	ANSELB
;Lab1.c,93 :: 		TRISB = 0;             // Initialize PORTB as output
0x0450	0xEF2E10  	CLR	TRISB
;Lab1.c,95 :: 		}
L_end_config_IO:
0x0452	0x060000  	RETURN
; end of _config_IO
_Glcd_Init:
0x0342	0xFA0000  	LNK	#0
;__Lib_Glcd.c,206 :: 		
;__Lib_Glcd.c,207 :: 		
0x0344	0x781F8A  	PUSH	W10
0x0346	0x2100A1  	MOV	#lo_addr(__Lib_Glcd_FontInitialized), W1
0x0348	0xEF2000  	CLR	W0
0x034A	0x784880  	MOV.B	W0, [W1]
;__Lib_Glcd.c,208 :: 		
0x034C	0xEF2000  	CLR	W0
0x034E	0x888040  	MOV	W0, __Lib_Glcd_ExternalFontSet
;__Lib_Glcd.c,210 :: 		
0x0350	0xA98E40  	BCLR	GLCD_RST_Direction, BitPos(GLCD_RST_Direction+0)
;__Lib_Glcd.c,211 :: 		
0x0352	0xA96E30  	BCLR	GLCD_EN_Direction, BitPos(GLCD_EN_Direction+0)
;__Lib_Glcd.c,212 :: 		
0x0354	0xA92E30  	BCLR	GLCD_RS_Direction, BitPos(GLCD_RS_Direction+0)
;__Lib_Glcd.c,213 :: 		
0x0356	0xA94E30  	BCLR	GLCD_RW_Direction, BitPos(GLCD_RW_Direction+0)
;__Lib_Glcd.c,214 :: 		
0x0358	0xA96E40  	BCLR	GLCD_CS1_Direction, BitPos(GLCD_CS1_Direction+0)
;__Lib_Glcd.c,215 :: 		
0x035A	0xA94E40  	BCLR	GLCD_CS2_Direction, BitPos(GLCD_CS2_Direction+0)
;__Lib_Glcd.c,218 :: 		
0x035C	0xA98E44  	BCLR	GLCD_RST, BitPos(GLCD_RST+0)
;__Lib_Glcd.c,224 :: 		
0x035E	0xA92E40  	BCLR	GLCD_D7_Direction, BitPos(GLCD_D7_Direction+0)
;__Lib_Glcd.c,225 :: 		
0x0360	0xA90E40  	BCLR	GLCD_D6_Direction, BitPos(GLCD_D6_Direction+0)
;__Lib_Glcd.c,226 :: 		
0x0362	0xA92E50  	BCLR	GLCD_D5_Direction, BitPos(GLCD_D5_Direction+0)
;__Lib_Glcd.c,227 :: 		
0x0364	0xA90E50  	BCLR	GLCD_D4_Direction, BitPos(GLCD_D4_Direction+0)
;__Lib_Glcd.c,228 :: 		
0x0366	0xA9EE30  	BCLR	GLCD_D3_Direction, BitPos(GLCD_D3_Direction+0)
;__Lib_Glcd.c,229 :: 		
0x0368	0xA9CE30  	BCLR	GLCD_D2_Direction, BitPos(GLCD_D2_Direction+0)
;__Lib_Glcd.c,230 :: 		
0x036A	0xA9AE30  	BCLR	GLCD_D1_Direction, BitPos(GLCD_D1_Direction+0)
;__Lib_Glcd.c,231 :: 		
0x036C	0xA98E30  	BCLR	GLCD_D0_Direction, BitPos(GLCD_D0_Direction+0)
;__Lib_Glcd.c,241 :: 		
0x036E	0xA92E34  	BCLR	GLCD_RS, BitPos(GLCD_RS+0)
;__Lib_Glcd.c,242 :: 		
0x0370	0xA94E34  	BCLR	GLCD_RW, BitPos(GLCD_RW+0)
;__Lib_Glcd.c,244 :: 		
0x0372	0xA96E44  	BCLR	GLCD_CS1, BitPos(GLCD_CS1+0)
;__Lib_Glcd.c,245 :: 		
0x0374	0xA84E44  	BSET	GLCD_CS2, BitPos(GLCD_CS2+0)
;__Lib_Glcd.c,247 :: 		
0x0376	0xA88E44  	BSET	GLCD_RST, BitPos(GLCD_RST+0)
;__Lib_Glcd.c,250 :: 		
0x0378	0x07FF90  	RCALL	_Delay_1us
;__Lib_Glcd.c,257 :: 		
0x037A	0xB3C3FA  	MOV.B	#63, W10
0x037C	0x07FF4E  	RCALL	__Lib_Glcd_Write_To_Pins
;__Lib_Glcd.c,258 :: 		
0x037E	0x07FF46  	RCALL	__Lib_Glcd_Strobe
;__Lib_Glcd.c,262 :: 		
0x0380	0xB3CC0A  	MOV.B	#192, W10
0x0382	0x07FF4B  	RCALL	__Lib_Glcd_Write_To_Pins
;__Lib_Glcd.c,263 :: 		
0x0384	0x07FF43  	RCALL	__Lib_Glcd_Strobe
;__Lib_Glcd.c,265 :: 		
0x0386	0xA86E44  	BSET	GLCD_CS1, BitPos(GLCD_CS1+0)
;__Lib_Glcd.c,266 :: 		
0x0388	0xA94E44  	BCLR	GLCD_CS2, BitPos(GLCD_CS2+0)
;__Lib_Glcd.c,270 :: 		
0x038A	0xB3C3FA  	MOV.B	#63, W10
0x038C	0x07FF46  	RCALL	__Lib_Glcd_Write_To_Pins
;__Lib_Glcd.c,271 :: 		
0x038E	0x07FF3E  	RCALL	__Lib_Glcd_Strobe
;__Lib_Glcd.c,276 :: 		
0x0390	0xB3CC0A  	MOV.B	#192, W10
0x0392	0x07FF43  	RCALL	__Lib_Glcd_Write_To_Pins
;__Lib_Glcd.c,277 :: 		
0x0394	0x07FF3B  	RCALL	__Lib_Glcd_Strobe
;__Lib_Glcd.c,279 :: 		
L_end_Glcd_Init:
0x0396	0x78054F  	POP	W10
0x0398	0xFA8000  	ULNK
0x039A	0x060000  	RETURN
; end of _Glcd_Init
_Delay_1us:
;__Lib_Delays.c,380 :: 		void Delay_1us()
;__Lib_Delays.c,382 :: 		Delay_us(1);
0x029A	0x000000  	NOP
0x029C	0x000000  	NOP
0x029E	0x000000  	NOP
0x02A0	0x000000  	NOP
0x02A2	0x000000  	NOP
;__Lib_Delays.c,383 :: 		}
L_end_Delay_1us:
0x02A4	0x060000  	RETURN
; end of _Delay_1us
__Lib_Glcd_Write_To_Pins:
0x021A	0xFA0000  	LNK	#0
;__Lib_Glcd.c,34 :: 		
;__Lib_Glcd.c,36 :: 		
0x021C	0xAEE014  	BTSS.B	W10, #7
0x021E	0xA92E42  	BCLR	GLCD_D7, BitPos(GLCD_D7+0)
0x0220	0xAFE014  	BTSC.B	W10, #7
0x0222	0xA82E42  	BSET	GLCD_D7, BitPos(GLCD_D7+0)
;__Lib_Glcd.c,37 :: 		
0x0224	0x000000  	NOP
;__Lib_Glcd.c,38 :: 		
0x0226	0xAEC014  	BTSS.B	W10, #6
0x0228	0xA90E42  	BCLR	GLCD_D6, BitPos(GLCD_D6+0)
0x022A	0xAFC014  	BTSC.B	W10, #6
0x022C	0xA80E42  	BSET	GLCD_D6, BitPos(GLCD_D6+0)
;__Lib_Glcd.c,39 :: 		
0x022E	0x000000  	NOP
;__Lib_Glcd.c,40 :: 		
0x0230	0xAEA014  	BTSS.B	W10, #5
0x0232	0xA92E52  	BCLR	GLCD_D5, BitPos(GLCD_D5+0)
0x0234	0xAFA014  	BTSC.B	W10, #5
0x0236	0xA82E52  	BSET	GLCD_D5, BitPos(GLCD_D5+0)
;__Lib_Glcd.c,41 :: 		
0x0238	0x000000  	NOP
;__Lib_Glcd.c,42 :: 		
0x023A	0xAE8014  	BTSS.B	W10, #4
0x023C	0xA90E52  	BCLR	GLCD_D4, BitPos(GLCD_D4+0)
0x023E	0xAF8014  	BTSC.B	W10, #4
0x0240	0xA80E52  	BSET	GLCD_D4, BitPos(GLCD_D4+0)
;__Lib_Glcd.c,43 :: 		
0x0242	0x000000  	NOP
;__Lib_Glcd.c,44 :: 		
0x0244	0xAE6014  	BTSS.B	W10, #3
0x0246	0xA9EE32  	BCLR	GLCD_D3, BitPos(GLCD_D3+0)
0x0248	0xAF6014  	BTSC.B	W10, #3
0x024A	0xA8EE32  	BSET	GLCD_D3, BitPos(GLCD_D3+0)
;__Lib_Glcd.c,45 :: 		
0x024C	0x000000  	NOP
;__Lib_Glcd.c,46 :: 		
0x024E	0xAE4014  	BTSS.B	W10, #2
0x0250	0xA9CE32  	BCLR	GLCD_D2, BitPos(GLCD_D2+0)
0x0252	0xAF4014  	BTSC.B	W10, #2
0x0254	0xA8CE32  	BSET	GLCD_D2, BitPos(GLCD_D2+0)
;__Lib_Glcd.c,47 :: 		
0x0256	0x000000  	NOP
;__Lib_Glcd.c,48 :: 		
0x0258	0xAE2014  	BTSS.B	W10, #1
0x025A	0xA9AE32  	BCLR	GLCD_D1, BitPos(GLCD_D1+0)
0x025C	0xAF2014  	BTSC.B	W10, #1
0x025E	0xA8AE32  	BSET	GLCD_D1, BitPos(GLCD_D1+0)
;__Lib_Glcd.c,49 :: 		
0x0260	0x000000  	NOP
;__Lib_Glcd.c,50 :: 		
0x0262	0xAE0014  	BTSS.B	W10, #0
0x0264	0xA98E32  	BCLR	GLCD_D0, BitPos(GLCD_D0+0)
0x0266	0xAF0014  	BTSC.B	W10, #0
0x0268	0xA88E32  	BSET	GLCD_D0, BitPos(GLCD_D0+0)
;__Lib_Glcd.c,51 :: 		
0x026A	0x000000  	NOP
;__Lib_Glcd.c,52 :: 		
L_end_Write_To_Pins:
0x026C	0xFA8000  	ULNK
0x026E	0x060000  	RETURN
; end of __Lib_Glcd_Write_To_Pins
__Lib_Glcd_Strobe:
0x020C	0xFA0000  	LNK	#0
;__Lib_Glcd.c,55 :: 		
;__Lib_Glcd.c,56 :: 		
0x020E	0x07FFF8  	RCALL	_Delay_10us
;__Lib_Glcd.c,57 :: 		
0x0210	0xA86E34  	BSET	GLCD_EN, BitPos(GLCD_EN+0)
;__Lib_Glcd.c,58 :: 		
0x0212	0x07FFF6  	RCALL	_Delay_10us
;__Lib_Glcd.c,59 :: 		
0x0214	0xA96E34  	BCLR	GLCD_EN, BitPos(GLCD_EN+0)
;__Lib_Glcd.c,60 :: 		
L_end_Strobe:
0x0216	0xFA8000  	ULNK
0x0218	0x060000  	RETURN
; end of __Lib_Glcd_Strobe
_Delay_10us:
;__Lib_Delays.c,406 :: 		void Delay_10us()
;__Lib_Delays.c,408 :: 		Delay_us(10);
0x0200	0x2000A7  	MOV	#10, W7
L_Delay_10us11:
0x0202	0xED200E  	DEC	W7
0x0204	0x3AFFFE  	BRA NZ	L_Delay_10us11
0x0206	0x000000  	NOP
0x0208	0x000000  	NOP
;__Lib_Delays.c,409 :: 		}
L_end_Delay_10us:
0x020A	0x060000  	RETURN
; end of _Delay_10us
_Glcd_Set_Font:
0x0326	0xFA0000  	LNK	#0
;__Lib_Glcd.c,283 :: 		
; aFontOffs start address is: 0 (W0)
0x0328	0x97B84E  	MOV	[W14-8], W0
;__Lib_Glcd.c,284 :: 		
0x032A	0x88802A  	MOV	W10, __Lib_Glcd_fontDef
0x032C	0x88803B  	MOV	W11, __Lib_Glcd_fontDef+2
;__Lib_Glcd.c,285 :: 		
0x032E	0x888000  	MOV	W0, __Lib_Glcd_fontOffset
; aFontOffs end address is: 0 (W0)
;__Lib_Glcd.c,286 :: 		
0x0330	0x210020  	MOV	#lo_addr(__Lib_Glcd_fontW), W0
0x0332	0x78480C  	MOV.B	W12, [W0]
;__Lib_Glcd.c,287 :: 		
0x0334	0x210030  	MOV	#lo_addr(__Lib_Glcd_fontH), W0
0x0336	0x78480D  	MOV.B	W13, [W0]
;__Lib_Glcd.c,288 :: 		
0x0338	0x2100A1  	MOV	#lo_addr(__Lib_Glcd_FontInitialized), W1
0x033A	0xB3C010  	MOV.B	#1, W0
0x033C	0x784880  	MOV.B	W0, [W1]
;__Lib_Glcd.c,289 :: 		
L_end_Glcd_Set_Font:
0x033E	0xFA8000  	ULNK
0x0340	0x060000  	RETURN
; end of _Glcd_Set_Font
_Glcd_Fill:
0x02A6	0xFA0000  	LNK	#0
;__Lib_Glcd.c,182 :: 		
;__Lib_Glcd.c,185 :: 		
0x02A8	0xA96E44  	BCLR	GLCD_CS1, BitPos(GLCD_CS1+0)
;__Lib_Glcd.c,186 :: 		
0x02AA	0xA84E44  	BSET	GLCD_CS2, BitPos(GLCD_CS2+0)
;__Lib_Glcd.c,188 :: 		
; page start address is: 4 (W2)
0x02AC	0xEF2004  	CLR	W2
; page end address is: 4 (W2)
L_Glcd_Fill2:
; page start address is: 4 (W2)
0x02AE	0xE11067  	CP	W2, #7
0x02B0	0x3E000D  	BRA GTU	L_Glcd_Fill3
L__Glcd_Fill354:
;__Lib_Glcd.c,189 :: 		
0x02B2	0x781F8A  	PUSH	W10
0x02B4	0x784502  	MOV.B	W2, W10
0x02B6	0x07FFDC  	RCALL	_Glcd_Set_Page
0x02B8	0x78054F  	POP	W10
;__Lib_Glcd.c,191 :: 		
; yy start address is: 2 (W1)
0x02BA	0xEF2002  	CLR	W1
; yy end address is: 2 (W1)
; page end address is: 4 (W2)
L_Glcd_Fill5:
; yy start address is: 2 (W1)
; page start address is: 4 (W2)
0x02BC	0x2003F0  	MOV	#63, W0
0x02BE	0xE10800  	CP	W1, W0
0x02C0	0x3E0003  	BRA GTU	L_Glcd_Fill6
L__Glcd_Fill355:
;__Lib_Glcd.c,192 :: 		
0x02C2	0x07FFE3  	RCALL	_Glcd_Write_Data
;__Lib_Glcd.c,191 :: 		
0x02C4	0xEC2002  	INC	W1
;__Lib_Glcd.c,194 :: 		
; yy end address is: 2 (W1)
0x02C6	0x37FFFA  	BRA	L_Glcd_Fill5
L_Glcd_Fill6:
;__Lib_Glcd.c,188 :: 		
0x02C8	0xEC2004  	INC	W2
;__Lib_Glcd.c,195 :: 		
; page end address is: 4 (W2)
0x02CA	0x37FFF1  	BRA	L_Glcd_Fill2
L_Glcd_Fill3:
;__Lib_Glcd.c,197 :: 		
0x02CC	0xA94E44  	BCLR	GLCD_CS2, BitPos(GLCD_CS2+0)
0x02CE	0xA86E44  	BSET	GLCD_CS1, BitPos(GLCD_CS1+0)
;__Lib_Glcd.c,198 :: 		
; page start address is: 4 (W2)
0x02D0	0xEF2004  	CLR	W2
; page end address is: 4 (W2)
L_Glcd_Fill8:
; page start address is: 4 (W2)
0x02D2	0xE11067  	CP	W2, #7
0x02D4	0x3E000D  	BRA GTU	L_Glcd_Fill9
L__Glcd_Fill356:
;__Lib_Glcd.c,199 :: 		
0x02D6	0x781F8A  	PUSH	W10
0x02D8	0x784502  	MOV.B	W2, W10
0x02DA	0x07FFCA  	RCALL	_Glcd_Set_Page
0x02DC	0x78054F  	POP	W10
;__Lib_Glcd.c,200 :: 		
; yy start address is: 2 (W1)
0x02DE	0xEF2002  	CLR	W1
; yy end address is: 2 (W1)
; page end address is: 4 (W2)
L_Glcd_Fill11:
; yy start address is: 2 (W1)
; page start address is: 4 (W2)
0x02E0	0x2003F0  	MOV	#63, W0
0x02E2	0xE10800  	CP	W1, W0
0x02E4	0x3E0003  	BRA GTU	L_Glcd_Fill12
L__Glcd_Fill357:
;__Lib_Glcd.c,201 :: 		
0x02E6	0x07FFD1  	RCALL	_Glcd_Write_Data
;__Lib_Glcd.c,200 :: 		
0x02E8	0xEC2002  	INC	W1
;__Lib_Glcd.c,201 :: 		
; yy end address is: 2 (W1)
0x02EA	0x37FFFA  	BRA	L_Glcd_Fill11
L_Glcd_Fill12:
;__Lib_Glcd.c,198 :: 		
0x02EC	0xEC2004  	INC	W2
;__Lib_Glcd.c,202 :: 		
; page end address is: 4 (W2)
0x02EE	0x37FFF1  	BRA	L_Glcd_Fill8
L_Glcd_Fill9:
;__Lib_Glcd.c,203 :: 		
L_end_Glcd_Fill:
0x02F0	0xFA8000  	ULNK
0x02F2	0x060000  	RETURN
; end of _Glcd_Fill
_Glcd_Set_Page:
0x0270	0xFA0000  	LNK	#0
;__Lib_Glcd.c,63 :: 		
;__Lib_Glcd.c,65 :: 		
0x0272	0x781F8A  	PUSH	W10
0x0274	0xA92E34  	BCLR	GLCD_RS, BitPos(GLCD_RS+0)
;__Lib_Glcd.c,66 :: 		
0x0276	0xA94E34  	BCLR	GLCD_RW, BitPos(GLCD_RW+0)
;__Lib_Glcd.c,68 :: 		
0x0278	0xFB808A  	ZE	W10, W1
0x027A	0x200B80  	MOV	#184, W0
0x027C	0x708000  	IOR	W1, W0, W0
0x027E	0x784500  	MOV.B	W0, W10
0x0280	0x07FFCC  	RCALL	__Lib_Glcd_Write_To_Pins
;__Lib_Glcd.c,69 :: 		
0x0282	0x07FFC4  	RCALL	__Lib_Glcd_Strobe
;__Lib_Glcd.c,70 :: 		
L_end_Glcd_Set_Page:
0x0284	0x78054F  	POP	W10
0x0286	0xFA8000  	ULNK
0x0288	0x060000  	RETURN
; end of _Glcd_Set_Page
_Glcd_Write_Data:
0x028A	0xFA0000  	LNK	#0
;__Lib_Glcd.c,169 :: 		
;__Lib_Glcd.c,171 :: 		
0x028C	0xA96E34  	BCLR	GLCD_EN, BitPos(GLCD_EN+0)
;__Lib_Glcd.c,172 :: 		
0x028E	0xA82E34  	BSET	GLCD_RS, BitPos(GLCD_RS+0)
;__Lib_Glcd.c,173 :: 		
0x0290	0xA94E34  	BCLR	GLCD_RW, BitPos(GLCD_RW+0)
;__Lib_Glcd.c,176 :: 		
0x0292	0x07FFC3  	RCALL	__Lib_Glcd_Write_To_Pins
;__Lib_Glcd.c,178 :: 		
0x0294	0x07FFBB  	RCALL	__Lib_Glcd_Strobe
;__Lib_Glcd.c,179 :: 		
L_end_Glcd_Write_Data:
0x0296	0xFA8000  	ULNK
0x0298	0x060000  	RETURN
; end of _Glcd_Write_Data
;__Lib_GlcdFonts.c,612 :: _font5x7 [480]
0x8000	0x0000 ;_font5x7+0
0x8002	0x0000 ;_font5x7+2
0x8004	0x0000 ;_font5x7+4
0x8006	0x5F00 ;_font5x7+6
0x8008	0x0000 ;_font5x7+8
0x800A	0x0700 ;_font5x7+10
0x800C	0x0700 ;_font5x7+12
0x800E	0x1400 ;_font5x7+14
0x8010	0x147F ;_font5x7+16
0x8012	0x147F ;_font5x7+18
0x8014	0x2A24 ;_font5x7+20
0x8016	0x2A7F ;_font5x7+22
0x8018	0x2312 ;_font5x7+24
0x801A	0x0813 ;_font5x7+26
0x801C	0x6264 ;_font5x7+28
0x801E	0x4936 ;_font5x7+30
0x8020	0x2255 ;_font5x7+32
0x8022	0x0050 ;_font5x7+34
0x8024	0x0305 ;_font5x7+36
0x8026	0x0000 ;_font5x7+38
0x8028	0x1C00 ;_font5x7+40
0x802A	0x4122 ;_font5x7+42
0x802C	0x0000 ;_font5x7+44
0x802E	0x2241 ;_font5x7+46
0x8030	0x001C ;_font5x7+48
0x8032	0x2A08 ;_font5x7+50
0x8034	0x2A1C ;_font5x7+52
0x8036	0x0808 ;_font5x7+54
0x8038	0x3E08 ;_font5x7+56
0x803A	0x0808 ;_font5x7+58
0x803C	0x5000 ;_font5x7+60
0x803E	0x0030 ;_font5x7+62
0x8040	0x0800 ;_font5x7+64
0x8042	0x0808 ;_font5x7+66
0x8044	0x0808 ;_font5x7+68
0x8046	0x3000 ;_font5x7+70
0x8048	0x0030 ;_font5x7+72
0x804A	0x2000 ;_font5x7+74
0x804C	0x0810 ;_font5x7+76
0x804E	0x0204 ;_font5x7+78
0x8050	0x513E ;_font5x7+80
0x8052	0x4549 ;_font5x7+82
0x8054	0x003E ;_font5x7+84
0x8056	0x7F42 ;_font5x7+86
0x8058	0x0040 ;_font5x7+88
0x805A	0x6142 ;_font5x7+90
0x805C	0x4951 ;_font5x7+92
0x805E	0x2146 ;_font5x7+94
0x8060	0x4541 ;_font5x7+96
0x8062	0x314B ;_font5x7+98
0x8064	0x1418 ;_font5x7+100
0x8066	0x7F12 ;_font5x7+102
0x8068	0x2710 ;_font5x7+104
0x806A	0x4545 ;_font5x7+106
0x806C	0x3945 ;_font5x7+108
0x806E	0x4A3C ;_font5x7+110
0x8070	0x4949 ;_font5x7+112
0x8072	0x0130 ;_font5x7+114
0x8074	0x0971 ;_font5x7+116
0x8076	0x0305 ;_font5x7+118
0x8078	0x4936 ;_font5x7+120
0x807A	0x4949 ;_font5x7+122
0x807C	0x0636 ;_font5x7+124
0x807E	0x4949 ;_font5x7+126
0x8080	0x1E29 ;_font5x7+128
0x8082	0x3600 ;_font5x7+130
0x8084	0x0036 ;_font5x7+132
0x8086	0x0000 ;_font5x7+134
0x8088	0x3656 ;_font5x7+136
0x808A	0x0000 ;_font5x7+138
0x808C	0x0800 ;_font5x7+140
0x808E	0x2214 ;_font5x7+142
0x8090	0x1441 ;_font5x7+144
0x8092	0x1414 ;_font5x7+146
0x8094	0x1414 ;_font5x7+148
0x8096	0x2241 ;_font5x7+150
0x8098	0x0814 ;_font5x7+152
0x809A	0x0200 ;_font5x7+154
0x809C	0x5101 ;_font5x7+156
0x809E	0x0609 ;_font5x7+158
0x80A0	0x4932 ;_font5x7+160
0x80A2	0x4179 ;_font5x7+162
0x80A4	0x7E3E ;_font5x7+164
0x80A6	0x1111 ;_font5x7+166
0x80A8	0x7E11 ;_font5x7+168
0x80AA	0x497F ;_font5x7+170
0x80AC	0x4949 ;_font5x7+172
0x80AE	0x3E36 ;_font5x7+174
0x80B0	0x4141 ;_font5x7+176
0x80B2	0x2241 ;_font5x7+178
0x80B4	0x417F ;_font5x7+180
0x80B6	0x2241 ;_font5x7+182
0x80B8	0x7F1C ;_font5x7+184
0x80BA	0x4949 ;_font5x7+186
0x80BC	0x4149 ;_font5x7+188
0x80BE	0x097F ;_font5x7+190
0x80C0	0x0109 ;_font5x7+192
0x80C2	0x3E01 ;_font5x7+194
0x80C4	0x4141 ;_font5x7+196
0x80C6	0x3251 ;_font5x7+198
0x80C8	0x087F ;_font5x7+200
0x80CA	0x0808 ;_font5x7+202
0x80CC	0x007F ;_font5x7+204
0x80CE	0x7F41 ;_font5x7+206
0x80D0	0x0041 ;_font5x7+208
0x80D2	0x4020 ;_font5x7+210
0x80D4	0x3F41 ;_font5x7+212
0x80D6	0x7F01 ;_font5x7+214
0x80D8	0x1408 ;_font5x7+216
0x80DA	0x4122 ;_font5x7+218
0x80DC	0x407F ;_font5x7+220
0x80DE	0x4040 ;_font5x7+222
0x80E0	0x7F40 ;_font5x7+224
0x80E2	0x0402 ;_font5x7+226
0x80E4	0x7F02 ;_font5x7+228
0x80E6	0x047F ;_font5x7+230
0x80E8	0x1008 ;_font5x7+232
0x80EA	0x3E7F ;_font5x7+234
0x80EC	0x4141 ;_font5x7+236
0x80EE	0x3E41 ;_font5x7+238
0x80F0	0x097F ;_font5x7+240
0x80F2	0x0909 ;_font5x7+242
0x80F4	0x3E06 ;_font5x7+244
0x80F6	0x5141 ;_font5x7+246
0x80F8	0x5E21 ;_font5x7+248
0x80FA	0x097F ;_font5x7+250
0x80FC	0x2919 ;_font5x7+252
0x80FE	0x4646 ;_font5x7+254
0x8100	0x4949 ;_font5x7+256
0x8102	0x3149 ;_font5x7+258
0x8104	0x0101 ;_font5x7+260
0x8106	0x017F ;_font5x7+262
0x8108	0x3F01 ;_font5x7+264
0x810A	0x4040 ;_font5x7+266
0x810C	0x3F40 ;_font5x7+268
0x810E	0x201F ;_font5x7+270
0x8110	0x2040 ;_font5x7+272
0x8112	0x7F1F ;_font5x7+274
0x8114	0x1820 ;_font5x7+276
0x8116	0x7F20 ;_font5x7+278
0x8118	0x1463 ;_font5x7+280
0x811A	0x1408 ;_font5x7+282
0x811C	0x0363 ;_font5x7+284
0x811E	0x7804 ;_font5x7+286
0x8120	0x0304 ;_font5x7+288
0x8122	0x5161 ;_font5x7+290
0x8124	0x4549 ;_font5x7+292
0x8126	0x0043 ;_font5x7+294
0x8128	0x7F00 ;_font5x7+296
0x812A	0x4141 ;_font5x7+298
0x812C	0x0402 ;_font5x7+300
0x812E	0x1008 ;_font5x7+302
0x8130	0x4120 ;_font5x7+304
0x8132	0x7F41 ;_font5x7+306
0x8134	0x0000 ;_font5x7+308
0x8136	0x0204 ;_font5x7+310
0x8138	0x0201 ;_font5x7+312
0x813A	0x4004 ;_font5x7+314
0x813C	0x4040 ;_font5x7+316
0x813E	0x4040 ;_font5x7+318
0x8140	0x0100 ;_font5x7+320
0x8142	0x0402 ;_font5x7+322
0x8144	0x2000 ;_font5x7+324
0x8146	0x5454 ;_font5x7+326
0x8148	0x7854 ;_font5x7+328
0x814A	0x487F ;_font5x7+330
0x814C	0x4444 ;_font5x7+332
0x814E	0x3838 ;_font5x7+334
0x8150	0x4444 ;_font5x7+336
0x8152	0x2044 ;_font5x7+338
0x8154	0x4438 ;_font5x7+340
0x8156	0x4844 ;_font5x7+342
0x8158	0x387F ;_font5x7+344
0x815A	0x5454 ;_font5x7+346
0x815C	0x1854 ;_font5x7+348
0x815E	0x7E08 ;_font5x7+350
0x8160	0x0109 ;_font5x7+352
0x8162	0x0802 ;_font5x7+354
0x8164	0x5414 ;_font5x7+356
0x8166	0x3C54 ;_font5x7+358
0x8168	0x087F ;_font5x7+360
0x816A	0x0404 ;_font5x7+362
0x816C	0x0078 ;_font5x7+364
0x816E	0x7D44 ;_font5x7+366
0x8170	0x0040 ;_font5x7+368
0x8172	0x4020 ;_font5x7+370
0x8174	0x3D44 ;_font5x7+372
0x8176	0x0000 ;_font5x7+374
0x8178	0x107F ;_font5x7+376
0x817A	0x4428 ;_font5x7+378
0x817C	0x4100 ;_font5x7+380
0x817E	0x407F ;_font5x7+382
0x8180	0x7C00 ;_font5x7+384
0x8182	0x1804 ;_font5x7+386
0x8184	0x7804 ;_font5x7+388
0x8186	0x087C ;_font5x7+390
0x8188	0x0404 ;_font5x7+392
0x818A	0x3878 ;_font5x7+394
0x818C	0x4444 ;_font5x7+396
0x818E	0x3844 ;_font5x7+398
0x8190	0x147C ;_font5x7+400
0x8192	0x1414 ;_font5x7+402
0x8194	0x0808 ;_font5x7+404
0x8196	0x1414 ;_font5x7+406
0x8198	0x7C18 ;_font5x7+408
0x819A	0x087C ;_font5x7+410
0x819C	0x0404 ;_font5x7+412
0x819E	0x4808 ;_font5x7+414
0x81A0	0x5454 ;_font5x7+416
0x81A2	0x2054 ;_font5x7+418
0x81A4	0x3F04 ;_font5x7+420
0x81A6	0x4044 ;_font5x7+422
0x81A8	0x3C20 ;_font5x7+424
0x81AA	0x4040 ;_font5x7+426
0x81AC	0x7C20 ;_font5x7+428
0x81AE	0x201C ;_font5x7+430
0x81B0	0x2040 ;_font5x7+432
0x81B2	0x3C1C ;_font5x7+434
0x81B4	0x3040 ;_font5x7+436
0x81B6	0x3C40 ;_font5x7+438
0x81B8	0x2844 ;_font5x7+440
0x81BA	0x2810 ;_font5x7+442
0x81BC	0x0C44 ;_font5x7+444
0x81BE	0x5050 ;_font5x7+446
0x81C0	0x3C50 ;_font5x7+448
0x81C2	0x6444 ;_font5x7+450
0x81C4	0x4C54 ;_font5x7+452
0x81C6	0x0044 ;_font5x7+454
0x81C8	0x3608 ;_font5x7+456
0x81CA	0x0041 ;_font5x7+458
0x81CC	0x0000 ;_font5x7+460
0x81CE	0x007F ;_font5x7+462
0x81D0	0x0000 ;_font5x7+464
0x81D2	0x3641 ;_font5x7+466
0x81D4	0x0008 ;_font5x7+468
0x81D6	0x0808 ;_font5x7+470
0x81D8	0x1C2A ;_font5x7+472
0x81DA	0x0808 ;_font5x7+474
0x81DC	0x2A1C ;_font5x7+476
0x81DE	0x0808 ;_font5x7+478
; end of _font5x7
Symbol List:
//** Routines locations **
//ADDRESS    SIZE    PROCEDURE
//----------------------------------------------
0x0200      [12]    _Delay_10us
0x020C      [14]    __Lib_Glcd_Strobe
0x021A      [86]    __Lib_Glcd_Write_To_Pins
0x0270      [26]    _Glcd_Set_Page
0x028A      [16]    _Glcd_Write_Data
0x029A      [12]    _Delay_1us
0x02A6      [78]    _Glcd_Fill
0x02F4      [50]    _config_INT
0x0326      [28]    _Glcd_Set_Font
0x0342      [90]    _Glcd_Init
0x039C     [184]    _config_IO
0x0454      [64]    _main
//** Variables locations ** 
//ADDRESS    SIZE    VARIABLE
//----------------------------------------------
0x1000       [2]    __Lib_Glcd_fontOffset
0x1002       [1]    __Lib_Glcd_fontW
0x1004       [4]    __Lib_Glcd_fontDef
0x0E34       [0]    GLCD_RS
0x0E34       [0]    GLCD_RW
0x0E40       [0]    GLCD_RST_Direction
0x0E30       [0]    GLCD_EN_Direction
0x1008       [2]    __Lib_Glcd_ExternalFontSet
0x1003       [1]    __Lib_Glcd_fontH
0x100A       [1]    __Lib_Glcd_FontInitialized
0x0E34       [0]    GLCD_EN
0x0822       [2]    IEC1bits
0x0826       [2]    IEC3bits
0x0820       [2]    IEC0bits
0x08C2       [2]    INTCON2bits
0x0044       [2]    CORCONbits
0x0E44       [0]    GLCD_CS1
0x0E44       [0]    GLCD_CS2
0x0806       [2]    IFS3bits
0x0800       [2]    IFS0bits
0x0802       [2]    IFS1bits
0x0E42       [0]    GLCD_D6
0x0E52       [0]    GLCD_D5
0x0E42       [0]    GLCD_D7
0x0E30       [0]    GLCD_D1_Direction
0x0E30       [0]    GLCD_D0_Direction
0x0E32       [0]    GLCD_D1
0x0E32       [0]    GLCD_D0
0x0E32       [0]    GLCD_D2
0x0E52       [0]    GLCD_D4
0x0E32       [0]    GLCD_D3
0x0E30       [0]    GLCD_D2_Direction
0x0E40       [0]    GLCD_CS2_Direction
0x0E44       [0]    GLCD_RST
0x0E40       [0]    GLCD_CS1_Direction
0x0E30       [0]    GLCD_RS_Direction
0x0E30       [0]    GLCD_RW_Direction
0x0E50       [0]    GLCD_D4_Direction
0x0E30       [0]    GLCD_D3_Direction
0x0E50       [0]    GLCD_D5_Direction
0x0E40       [0]    GLCD_D7_Direction
0x0E40       [0]    GLCD_D6_Direction
0x08C0       [2]    INTCON1bits
0x0E40       [0]    TRISE0_bit
0x0E50       [0]    TRISF1_bit
0x0E40       [0]    TRISE1_bit
0x0E44       [0]    LATE3_bit
0x0E44       [0]    LATE2_bit
0x0E30       [0]    TRISD5_bit
0x0E30       [0]    TRISD4_bit
0x0E30       [0]    TRISD6_bit
0x0E50       [0]    TRISF0_bit
0x0E30       [0]    TRISD7_bit
0x0E34       [0]    LATD2_bit
0x0E52       [0]    RF0_bit
0x0E32       [0]    RD7_bit
0x0E52       [0]    RF1_bit
0x0E42       [0]    RE1_bit
0x0E42       [0]    RE0_bit
0x0E34       [0]    LATD3_bit
0x0E34       [0]    LATD1_bit
0x0E32       [0]    RD4_bit
0x0E32       [0]    RD6_bit
0x0E32       [0]    RD5_bit
0x084A       [2]    IPC5bits
0x084E       [2]    IPC7bits
0x0840       [2]    IPC0bits
0x06A2       [2]    RPINR1bits
0x06A4       [2]    RPINR2bits
0x0E10       [2]    TRISB
0x0042       [2]    SRbits
0x0E1E       [2]    ANSELB
0x085A       [2]    IPC13bits
0x0E14       [2]    LATB
0x06A0       [2]    RPINR0bits
0x0E30       [0]    TRISD2_bit
0x0E40       [0]    TRISE3_bit
0x0E30       [0]    TRISD1_bit
0x0E40       [0]    TRISE4_bit
0x0E30       [0]    TRISD3_bit
0x0E3E       [2]    ANSELD
0x0E4E       [2]    ANSELE
0x0E2E       [2]    ANSELC
0x0E40       [0]    TRISE2_bit
0x0E44       [0]    LATE4_bit
0x0014       [1]    FARG___Lib_Glcd_Write_To_Pins_ddata
0x0014       [1]    FARG_Glcd_Set_Page_page
0x0014       [1]    FARG_Glcd_Write_Data_ddata
0x0014       [1]    FARG_Glcd_Fill_pattern
0x0014       [4]    FARG_Glcd_Set_Font_activeFont
0x0018       [1]    FARG_Glcd_Set_Font_aFontWidth
0x001A       [1]    FARG_Glcd_Set_Font_aFontHeight
0x0E10       [2]    TRISB
0x0E14       [2]    LATB
0x0E1E       [2]    ANSELB
0x0E2E       [2]    ANSELC
0x0E3E       [2]    ANSELD
0x0E4E       [2]    ANSELE
//** Constants locations ** 
//ADDRESS    SIZE    CONSTANT
//----------------------------------------------
0x8000     [480]    _font5x7
//** Label List: ** 
//----------------------------------------------
  L_barras0
  L_barras1
  L_barras2
  L_barras3
  L_barras4
  L_barras5
  L_barras6
  L_barras7
  L_bar_drawer8
  L_bar_drawer9
  L_DrawableBars10
  L_DrawableBars11
  L_main12
  L_main13
  L_end_barras
  _barras
  L__barras15
  L__barras16
  L__barras17
  L__barras18
  L__barras19
  L_end_bar_drawer
  _bar_drawer
  L__bar_drawer21
  L_end_DrawableBars
  _DrawableBars
  L__DrawableBars23
  L_end_config_INT
  _config_INT
  L_end_config_IO
  _config_IO
  L_end_main
  _main
  L__main_end_loop
  Delay_Cyc_loop
  Delay_Cyc_rez
  Label1
  Label2
  Delay_Cyc_loop
  Delay_Cyc_rem
  L_VDelay_ms3
  L_VDelay_ms4
  Label1
  Label2
  Delay_Cyc_loop
  Delay_Cyc_rem
  L_VDelay_Advanced_ms7
  L_VDelay_Advanced_ms8
  Label1
  Label2
  Delay_Cyc_loop
  Delay_Cyc_rem
  L_Delay_10us11
  L_Delay_22us13
  L_Delay_50us15
  L_Delay_80us17
  L_Delay_500us19
  L_Delay_5500us21
  L_Delay_1ms23
  L_Delay_5ms25
  L_Delay_8ms27
  L_Delay_10ms29
  L_Delay_100ms31
  L_Delay_1sec33
  L_end_Get_Fosc_kHz
  _Get_Fosc_kHz
  L_end_Get_Fosc_Per_Cyc
  _Get_Fosc_Per_Cyc
  L_end_Delay_Cyc
  _Delay_Cyc
  L_end_Delay_Cyc_Long
  _Delay_Cyc_Long
  L_end_VDelay_ms
  _VDelay_ms
  L_end_VDelay_Advanced_ms
  _VDelay_Advanced_ms
  L_end_Delay_W0
  _Delay_W0
  L_end_Delay_1us
  _Delay_1us
  L_end_Delay_10us
  _Delay_10us
  L_end_Delay_22us
  _Delay_22us
  L_end_Delay_50us
  _Delay_50us
  L_end_Delay_80us
  _Delay_80us
  L_end_Delay_500us
  _Delay_500us
  L_end_Delay_5500us
  _Delay_5500us
  L_end_Delay_1ms
  _Delay_1ms
  L_end_Delay_5ms
  _Delay_5ms
  L_end_Delay_8ms
  _Delay_8ms
  L_end_Delay_10ms
  _Delay_10ms
  L_end_Delay_100ms
  _Delay_100ms
  L_end_Delay_1sec
  _Delay_1sec
  L_Glcd_Set_Side0
  L_Glcd_Set_Side1
  L_Glcd_Fill2
  L_Glcd_Fill3
  L_Glcd_Fill4
  L_Glcd_Fill5
  L_Glcd_Fill6
  L_Glcd_Fill7
  L_Glcd_Fill8
  L_Glcd_Fill9
  L_Glcd_Fill10
  L_Glcd_Fill11
  L_Glcd_Fill12
  L_Glcd_Fill13
  L_Glcd_Write_Char14
  L_Glcd_Write_Char15
  L_Glcd_Write_Char16
  L_Glcd_Write_Char17
  L_Glcd_Write_Char18
  L_Glcd_Write_Char19
  L_Glcd_Write_Char20
  L_Glcd_Write_Char21
  L_Glcd_Write_Char22
  L_Glcd_Write_Char23
  L_Glcd_Write_Char24
  L_Glcd_Write_Char25
  L_Glcd_Write_Char26
  L_Glcd_Write_Char27
  L_Glcd_Write_Text28
  L_Glcd_Write_Text29
  L_Glcd_Write_Text30
  L_Glcd_Write_Const_Text31
  L_Glcd_Write_Const_Text32
  L_Glcd_Write_Const_Text33
  L_Glcd_Dot34
  L_Glcd_Dot35
  L_Glcd_Dot36
  L_Glcd_Dot37
  L_Glcd_Dot38
  L_Glcd_Dot39
  L_Glcd_Dot40
  L_Glcd_Dot41
  L_Glcd_Line42
  L_Glcd_Line43
  L_Glcd_Line44
  L_Glcd_Line45
  L_Glcd_Line46
  L_Glcd_Line47
  L_Glcd_Line48
  L_Glcd_Line49
  L_Glcd_Line50
  L_Glcd_Line51
  L_Glcd_Line52
  L_Glcd_Line53
  L_Glcd_Line54
  L_Glcd_Line55
  L_Glcd_Line56
  L_Glcd_Line57
  L_Glcd_Line58
  L_Glcd_Line59
  L_Glcd_Line60
  L_Glcd_Line61
  L_Glcd_H_Line62
  L_Glcd_H_Line63
  L_Glcd_H_Line64
  L_Glcd_H_Line65
  L_Glcd_H_Line66
  L_Glcd_H_Line67
  L_Glcd_H_Line68
  L_Glcd_H_Line69
  L_Glcd_H_Line70
  L_Glcd_H_Line71
  L_Glcd_V_Line72
  L_Glcd_V_Line73
  L_Glcd_V_Line74
  L_Glcd_V_Line75
  L_Glcd_V_Line76
  L_Glcd_V_Line77
  L_Glcd_V_Line78
  L_Glcd_V_Line79
  L_Glcd_V_Line80
  L_Glcd_V_Line81
  L_Glcd_Circle82
  L_Glcd_Circle83
  L_Glcd_Circle84
  L_Glcd_Circle85
  L_Glcd_Circle86
  L_Glcd_Circle87
  L_Glcd_Circle88
  L_Glcd_Circle89
  L_Glcd_Circle_Fill90
  L_Glcd_Circle_Fill91
  L_Glcd_Circle_Fill92
  L_Glcd_Circle_Fill93
  L_Glcd_Circle_Fill94
  L_Glcd_Circle_Fill95
  L_Glcd_Circle_Fill96
  L_Glcd_Circle_Fill97
  L_Glcd_Circle_Fill98
  L_Glcd_Circle_Fill99
  L_Glcd_Image100
  L_Glcd_Image101
  L_Glcd_Image102
  L_Glcd_Image103
  L_Glcd_Image104
  L_Glcd_Image105
  L_Glcd_Image106
  L_Glcd_Image107
  L_Glcd_Rectangle_Round_Edges108
  L_Glcd_Rectangle_Round_Edges109
  L_Glcd_Rectangle_Round_Edges110
  L_Glcd_Rectangle_Round_Edges111
  L_Glcd_Rectangle_Round_Edges112
  L_Glcd_Rectangle_Round_Edges113
  L_Glcd_Rectangle_Round_Edges114
  L_Glcd_Rectangle_Round_Edges115
  L_Glcd_Rectangle_Round_Edges116
  L_Glcd_Rectangle_Round_Edges117
  L_Glcd_Rectangle_Round_Edges118
  L_Glcd_Rectangle_Round_Edges119
  L_Glcd_Rectangle_Round_Edges120
  L_Glcd_Box121
  L_Glcd_Box122
  L_Glcd_Box123
  L_Glcd_Rectangle_Round_Edges_Fill124
  L_Glcd_Rectangle_Round_Edges_Fill125
  L_Glcd_Rectangle_Round_Edges_Fill126
  L_Glcd_Rectangle_Round_Edges_Fill127
  L_Glcd_Rectangle_Round_Edges_Fill128
  L_Glcd_Rectangle_Round_Edges_Fill129
  L_Glcd_Rectangle_Round_Edges_Fill130
  L_Glcd_Rectangle_Round_Edges_Fill131
  L_Glcd_Rectangle_Round_Edges_Fill132
  L_Glcd_Rectangle_Round_Edges_Fill133
  L_Glcd_Rectangle_Round_Edges_Fill134
  L_Glcd_Rectangle_Round_Edges_Fill135
  L_Glcd_Rectangle_Round_Edges_Fill136
  L_Glcd_Rectangle_Round_Edges_Fill137
  L_Glcd_PartialImage138
  L_Glcd_PartialImage139
  L_Glcd_PartialImage140
  L_Glcd_PartialImage141
  L_Glcd_PartialImage142
  L_Glcd_PartialImage143
  L_Glcd_PartialImage144
  L_Glcd_PartialImage145
  L_Glcd_PartialImage146
  L_Glcd_PartialImage147
  L_Glcd_PartialImage148
  L_Glcd_PartialImage149
  L_Glcd_PartialImage150
  L_Glcd_PartialImage151
  L_Glcd_PartialImage152
  L_Glcd_PartialImage153
  L_Glcd_PartialImage154
  L_Glcd_PartialImage155
  L_Glcd_PartialImage156
  L_Glcd_PartialImage157
  L_Glcd_PartialImage158
  L_Glcd_PartialImage159
  L_Glcd_PartialImage160
  L_Glcd_PartialImage161
  L_Glcd_PartialImage162
  L_Glcd_PartialImage163
  L_Glcd_PartialImage164
  L_Glcd_PartialImage165
  L_Glcd_PartialImage166
  L___Lib_Glcd__Glcd_getHeader167
  L___Lib_Glcd__Glcd_getHeader168
  L___Lib_Glcd__Glcd_getHeader169
  L___Lib_Glcd__Glcd_getHeader170
  L___Lib_Glcd__Glcd_getHeader171
  L___Lib_Glcd__Glcd_Write_Char_AdvE172
  L___Lib_Glcd__Glcd_Write_Char_AdvE173
  L___Lib_Glcd__Glcd_Write_Char_AdvE174
  L___Lib_Glcd__Glcd_Write_Char_AdvE175
  L___Lib_Glcd__Glcd_Write_Char_AdvE176
  L___Lib_Glcd__Glcd_Write_Char_AdvE177
  L___Lib_Glcd__Glcd_Write_Char_AdvE178
  L___Lib_Glcd__Glcd_Write_Char_AdvE179
  L___Lib_Glcd__Glcd_Write_Char_AdvE180
  L___Lib_Glcd__Glcd_Write_Char_AdvE181
  L___Lib_Glcd__Glcd_Write_Char_AdvE182
  L___Lib_Glcd__Glcd_Write_Char_AdvE183
  L___Lib_Glcd__Glcd_Write_Char_AdvE184
  L___Lib_Glcd__Glcd_Write_Char_AdvE185
  L___Lib_Glcd__Glcd_Write_Char_AdvE186
  L___Lib_Glcd__Glcd_Write_Char_AdvE187
  L___Lib_Glcd__Glcd_Write_Char_AdvE188
  L___Lib_Glcd__Glcd_Write_Char_AdvE189
  L___Lib_Glcd__Glcd_Write_Char_AdvE190
  L___Lib_Glcd__Glcd_Write_Char_AdvE191
  L___Lib_Glcd__Glcd_Write_Char_AdvE192
  L___Lib_Glcd__Glcd_Write_Char_AdvE193
  L___Lib_Glcd__Glcd_Write_Char_AdvE194
  L___Lib_Glcd__Glcd_Write_Char_AdvE195
  L___Lib_Glcd__Glcd_Write_Char_AdvE196
  L___Lib_Glcd__Glcd_Write_Char_Adv197
  L___Lib_Glcd__Glcd_Write_Char_Adv198
  L___Lib_Glcd__Glcd_Write_Char_Adv199
  L___Lib_Glcd__Glcd_Write_Char_Adv200
  L___Lib_Glcd__Glcd_Write_Char_Adv201
  L___Lib_Glcd__Glcd_Write_Char_Adv202
  L___Lib_Glcd__Glcd_Write_Char_Adv203
  L___Lib_Glcd__Glcd_Write_Char_Adv204
  L___Lib_Glcd__Glcd_Write_Char_Adv205
  L___Lib_Glcd__Glcd_Write_Char_Adv206
  L___Lib_Glcd__Glcd_Write_Char_Adv207
  L___Lib_Glcd__Glcd_Write_Char_Adv208
  L___Lib_Glcd__Glcd_Write_Char_Adv209
  L___Lib_Glcd__Glcd_Write_Char_Adv210
  L___Lib_Glcd__Glcd_Write_Char_Adv211
  L___Lib_Glcd__Glcd_Write_Char_Adv212
  L___Lib_Glcd__Glcd_Write_Char_Adv213
  L___Lib_Glcd__Glcd_Write_Char_Adv214
  L___Lib_Glcd__Glcd_Write_Char_Adv215
  L___Lib_Glcd__Glcd_Write_Char_Adv216
  L___Lib_Glcd__Glcd_Write_Char_Adv217
  L___Lib_Glcd__Glcd_Get_Char_Width218
  L___Lib_Glcd__Glcd_Get_Char_Width219
  L___Lib_Glcd__Glcd_Get_Char_Width220
  L___Lib_Glcd__Glcd_Get_Char_WidthE221
  L___Lib_Glcd__Glcd_Get_Char_WidthE222
  L___Lib_Glcd__Glcd_Write_Char_Return_Pos223
  L___Lib_Glcd__Glcd_Write_Char_Return_Pos224
  L___Lib_Glcd__Glcd_Write_Char_Return_Pos225
  L___Lib_Glcd__Glcd_Write_Char_Return_PosE226
  L___Lib_Glcd__Glcd_Write_Char_Return_PosE227
  L_Glcd_Write_Text_Return_Pos228
  L_Glcd_Write_Text_Return_Pos229
  L_Glcd_Write_Text_Return_Pos230
  L_Glcd_Write_Text_Return_Pos231
  L_Glcd_Write_Text_Return_Pos232
  L_Glcd_Write_Text_Return_Pos233
  L_Glcd_Write_Const_Text_Return_Pos234
  L_Glcd_Write_Const_Text_Return_Pos235
  L_Glcd_Write_Const_Text_Return_Pos236
  L_Glcd_Write_Const_Text_Return_Pos237
  L_Glcd_Write_Const_Text_Return_Pos238
  L_Glcd_Write_Const_Text_Return_Pos239
  L_Glcd_Write_Char_Adv240
  L_Glcd_Write_Char_Adv241
  L_Glcd_Write_Char_Adv242
  L_Glcd_Write_Char_Adv243
  L_Glcd_Write_Text_Adv244
  L_Glcd_Write_Text_Adv245
  L_Glcd_Write_Text_Adv246
  L_Glcd_Write_Text_Adv247
  L_Glcd_Write_Text_Adv248
  L_Glcd_Write_Text_Adv249
  L_Glcd_Write_Const_Text_Adv250
  L_Glcd_Write_Const_Text_Adv251
  L_Glcd_Write_Const_Text_Adv252
  L_Glcd_Write_Const_Text_Adv253
  L_Glcd_Write_Const_Text_Adv254
  L_Glcd_Write_Const_Text_Adv255
  L_Glcd_Ext_Image256
  L_Glcd_Ext_Image257
  L_Glcd_Ext_Image258
  L_Glcd_Ext_Image259
  L_Glcd_Ext_Image260
  L_Glcd_Ext_Image261
  L_Glcd_Ext_Image262
  L_Glcd_Ext_Image263
  L_Glcd_Ext_Image264
  L_Glcd_Ext_Image265
  L_Glcd_Ext_PartialImage266
  L_Glcd_Ext_PartialImage267
  L_Glcd_Ext_PartialImage268
  L_Glcd_Ext_PartialImage269
  L_Glcd_Ext_PartialImage270
  L_Glcd_Ext_PartialImage271
  L_Glcd_Ext_PartialImage272
  L_Glcd_Ext_PartialImage273
  L_Glcd_Ext_PartialImage274
  L_Glcd_Ext_PartialImage275
  L_Glcd_Ext_PartialImage276
  L_Glcd_Ext_PartialImage277
  L_Glcd_Ext_PartialImage278
  L_Glcd_Ext_PartialImage279
  L_Glcd_Ext_PartialImage280
  L_Glcd_Ext_PartialImage281
  L_Glcd_Ext_PartialImage282
  L_Glcd_Ext_PartialImage283
  L_Glcd_Ext_PartialImage284
  L_Glcd_Ext_PartialImage285
  L_Glcd_Ext_PartialImage286
  L_Glcd_Ext_PartialImage287
  L_Glcd_Ext_PartialImage288
  L_Glcd_Ext_PartialImage289
  L_Glcd_Ext_PartialImage290
  L_Glcd_Ext_PartialImage291
  L_Glcd_Ext_PartialImage292
  L_Glcd_Ext_PartialImage293
  L_Glcd_Ext_PartialImage294
  L_Glcd_Ext_PartialImage295
  L_Glcd_Ext_PartialImage296
  L_Glcd_Ext_PartialImage297
  L_Glcd_Ext_PartialImage298
  L_Glcd_Ext_PartialImage299
  L_Glcd_Ext_PartialImage300
  L_Glcd_Ext_PartialImage301
  L_Glcd_Ext_PartialImage302
  L_Glcd_Ext_PartialImage303
  L__Glcd_Dot304
  L__Glcd_Dot305
  L__Glcd_Dot306
  L__Glcd_Dot307
  L__Glcd_Dot308
  L__Glcd_Line309
  L__Glcd_Line310
  L__Glcd_H_Line311
  L__Glcd_H_Line312
  L__Glcd_H_Line313
  L__Glcd_V_Line314
  L__Glcd_V_Line315
  L__Glcd_V_Line316
  L__Glcd_PartialImage317
  L__Glcd_PartialImage318
  L__Glcd_PartialImage319
  L__Glcd_PartialImage320
  L__Glcd_PartialImage321
  L__Glcd_PartialImage322
  L__Glcd_PartialImage323
  L__Glcd_PartialImage324
  L__Glcd_PartialImage325
  L___Lib_Glcd__Glcd_Write_Char_AdvE326
  L___Lib_Glcd__Glcd_Write_Char_AdvE327
  L__Glcd_Ext_PartialImage328
  L__Glcd_Ext_PartialImage329
  L__Glcd_Ext_PartialImage330
  L__Glcd_Ext_PartialImage331
  L__Glcd_Ext_PartialImage332
  L__Glcd_Ext_PartialImage333
  L__Glcd_Ext_PartialImage334
  L__Glcd_Ext_PartialImage335
  L__Glcd_Ext_PartialImage336
  L__Glcd_Ext_PartialImage337
  L__Glcd_Ext_PartialImage338
  L__Glcd_Ext_PartialImage339
  L__Glcd_Ext_PartialImage340
  L__Glcd_Ext_PartialImage341
  L__Glcd_Ext_PartialImage342
  L__Glcd_Ext_PartialImage343
  L__Glcd_Ext_PartialImage344
  L__Glcd_Ext_PartialImage345
  L_end_Write_To_Pins
  __Lib_Glcd_Write_To_Pins
  L_end_Strobe
  __Lib_Glcd_Strobe
  L_end_Glcd_Set_Page
  _Glcd_Set_Page
  L_end_Glcd_Set_Side
  _Glcd_Set_Side
  L_end_Glcd_Set_X
  _Glcd_Set_X
  L_end_Glcd_Read_Data
  _Glcd_Read_Data
  L_end_Glcd_Write_Data
  _Glcd_Write_Data
  L_end_Glcd_Fill
  _Glcd_Fill
  L__Glcd_Fill354
  L__Glcd_Fill355
  L__Glcd_Fill356
  L__Glcd_Fill357
  L_end_Glcd_Init
  _Glcd_Init
  L_end_Glcd_Set_Font
  _Glcd_Set_Font
  L_end_Glcd_Write_Char
  _Glcd_Write_Char
  L__Glcd_Write_Char361
  L__Glcd_Write_Char362
  L__Glcd_Write_Char363
  L__Glcd_Write_Char364
  L__Glcd_Write_Char365
  L__Glcd_Write_Char366
  L__Glcd_Write_Char367
  L__Glcd_Write_Char368
  L_end_Glcd_Write_Text
  _Glcd_Write_Text
  L__Glcd_Write_Text370
  L__Glcd_Write_Text371
  L_end_Glcd_Write_Const_Text
  _Glcd_Write_Const_Text
  L__Glcd_Write_Const_Text373
  L__Glcd_Write_Const_Text374
  L_end_Glcd_Dot
  _Glcd_Dot
  L__Glcd_Dot376
  L__Glcd_Dot377
  L__Glcd_Dot378
  L__Glcd_Dot379
  L__Glcd_Dot380
  L__Glcd_Dot381
  L__Glcd_Dot382
  L_end_Glcd_Line
  _Glcd_Line
  L__Glcd_Line384
  L__Glcd_Line385
  L__Glcd_Line386
  L__Glcd_Line387
  L__Glcd_Line388
  L__Glcd_Line389
  L__Glcd_Line390
  L__Glcd_Line391
  L__Glcd_Line392
  L__Glcd_Line393
  L__Glcd_Line394
  L__Glcd_Line395
  L__Glcd_Line396
  L__Glcd_Line397
  L__Glcd_Line398
  L_end_Glcd_H_Line
  _Glcd_H_Line
  L__Glcd_H_Line400
  L__Glcd_H_Line401
  L__Glcd_H_Line402
  L__Glcd_H_Line403
  L__Glcd_H_Line404
  L__Glcd_H_Line405
  L__Glcd_H_Line406
  L__Glcd_H_Line407
  L_end_Glcd_V_Line
  _Glcd_V_Line
  L__Glcd_V_Line409
  L__Glcd_V_Line410
  L__Glcd_V_Line411
  L__Glcd_V_Line412
  L__Glcd_V_Line413
  L__Glcd_V_Line414
  L__Glcd_V_Line415
  L__Glcd_V_Line416
  L_end_Glcd_Circle
  _Glcd_Circle
  L__Glcd_Circle418
  L__Glcd_Circle419
  L__Glcd_Circle420
  L__Glcd_Circle421
  L__Glcd_Circle422
  L__Glcd_Circle423
  L_end_Glcd_Circle_Fill
  _Glcd_Circle_Fill
  L__Glcd_Circle_Fill425
  L__Glcd_Circle_Fill426
  L__Glcd_Circle_Fill427
  L__Glcd_Circle_Fill428
  L__Glcd_Circle_Fill429
  L__Glcd_Circle_Fill430
  L__Glcd_Circle_Fill431
  L__Glcd_Circle_Fill432
  L_end_Glcd_Image
  _Glcd_Image
  L__Glcd_Image434
  L__Glcd_Image435
  L__Glcd_Image436
  L_end_Glcd_Rectangle
  _Glcd_Rectangle
  L_end_Glcd_Rectangle_Round_Edges
  _Glcd_Rectangle_Round_Edges
  L__Glcd_Rectangle_Round_Edges439
  L__Glcd_Rectangle_Round_Edges440
  L__Glcd_Rectangle_Round_Edges441
  L__Glcd_Rectangle_Round_Edges442
  L__Glcd_Rectangle_Round_Edges443
  L__Glcd_Rectangle_Round_Edges444
  L__Glcd_Rectangle_Round_Edges445
  L__Glcd_Rectangle_Round_Edges446
  L__Glcd_Rectangle_Round_Edges447
  L_end_Glcd_Box
  _Glcd_Box
  L__Glcd_Box449
  L_end_Glcd_Rectangle_Round_Edges_Fill
  _Glcd_Rectangle_Round_Edges_Fill
  L__Glcd_Rectangle_Round_Edges_Fill451
  L__Glcd_Rectangle_Round_Edges_Fill452
  L__Glcd_Rectangle_Round_Edges_Fill453
  L__Glcd_Rectangle_Round_Edges_Fill454
  L__Glcd_Rectangle_Round_Edges_Fill455
  L__Glcd_Rectangle_Round_Edges_Fill456
  L__Glcd_Rectangle_Round_Edges_Fill457
  L__Glcd_Rectangle_Round_Edges_Fill458
  L__Glcd_Rectangle_Round_Edges_Fill459
  L__Glcd_Rectangle_Round_Edges_Fill460
  L_end_Glcd_PartialImage
  _Glcd_PartialImage
  L__Glcd_PartialImage462
  L__Glcd_PartialImage463
  L__Glcd_PartialImage464
  L__Glcd_PartialImage465
  L__Glcd_PartialImage466
  L__Glcd_PartialImage467
  L__Glcd_PartialImage468
  L__Glcd_PartialImage469
  L__Glcd_PartialImage470
  L__Glcd_PartialImage471
  L__Glcd_PartialImage472
  L__Glcd_PartialImage473
  L__Glcd_PartialImage474
  L__Glcd_PartialImage475
  L__Glcd_PartialImage476
  L__Glcd_PartialImage477
  L__Glcd_PartialImage478
  L_end_Glcd_Set_Ext_Buffer
  _Glcd_Set_Ext_Buffer
  L_end__Glcd_getHeader
  __Lib_Glcd__Glcd_getHeader
  L___Lib_Glcd__Glcd_getHeader481
  L___Lib_Glcd__Glcd_getHeader482
  L_end_Glcd_Set_Font_Adv
  _Glcd_Set_Font_Adv
  L_end_Glcd_Set_Ext_Font_Adv
  _Glcd_Set_Ext_Font_Adv
  L_end__Glcd_Write_Char_AdvE
  __Lib_Glcd__Glcd_Write_Char_AdvE
  L___Lib_Glcd__Glcd_Write_Char_AdvE486
  L___Lib_Glcd__Glcd_Write_Char_AdvE487
  L___Lib_Glcd__Glcd_Write_Char_AdvE488
  L___Lib_Glcd__Glcd_Write_Char_AdvE489
  L___Lib_Glcd__Glcd_Write_Char_AdvE490
  L___Lib_Glcd__Glcd_Write_Char_AdvE491
  L___Lib_Glcd__Glcd_Write_Char_AdvE492
  L___Lib_Glcd__Glcd_Write_Char_AdvE493
  L___Lib_Glcd__Glcd_Write_Char_AdvE494
  L___Lib_Glcd__Glcd_Write_Char_AdvE495
  L___Lib_Glcd__Glcd_Write_Char_AdvE496
  L___Lib_Glcd__Glcd_Write_Char_AdvE497
  L___Lib_Glcd__Glcd_Write_Char_AdvE498
  L___Lib_Glcd__Glcd_Write_Char_AdvE499
  L___Lib_Glcd__Glcd_Write_Char_AdvE500
  L___Lib_Glcd__Glcd_Write_Char_AdvE501
  L_end__Glcd_Write_Char_Adv
  __Lib_Glcd__Glcd_Write_Char_Adv
  L___Lib_Glcd__Glcd_Write_Char_Adv503
  L___Lib_Glcd__Glcd_Write_Char_Adv504
  L___Lib_Glcd__Glcd_Write_Char_Adv505
  L___Lib_Glcd__Glcd_Write_Char_Adv506
  L___Lib_Glcd__Glcd_Write_Char_Adv507
  L___Lib_Glcd__Glcd_Write_Char_Adv508
  L___Lib_Glcd__Glcd_Write_Char_Adv509
  L___Lib_Glcd__Glcd_Write_Char_Adv510
  L___Lib_Glcd__Glcd_Write_Char_Adv511
  L___Lib_Glcd__Glcd_Write_Char_Adv512
  L___Lib_Glcd__Glcd_Write_Char_Adv513
  L___Lib_Glcd__Glcd_Write_Char_Adv514
  L_end__Glcd_Get_Char_Width
  __Lib_Glcd__Glcd_Get_Char_Width
  L___Lib_Glcd__Glcd_Get_Char_Width516
  L___Lib_Glcd__Glcd_Get_Char_Width517
  L___Lib_Glcd__Glcd_Get_Char_Width518
  L_end__Glcd_Get_Char_WidthE
  __Lib_Glcd__Glcd_Get_Char_WidthE
  L___Lib_Glcd__Glcd_Get_Char_WidthE520
  L___Lib_Glcd__Glcd_Get_Char_WidthE521
  L_end__Glcd_Write_Char_Return_Pos
  __Lib_Glcd__Glcd_Write_Char_Return_Pos
  L___Lib_Glcd__Glcd_Write_Char_Return_Pos523
  L___Lib_Glcd__Glcd_Write_Char_Return_Pos524
  L___Lib_Glcd__Glcd_Write_Char_Return_Pos525
  L_end__Glcd_Write_Char_Return_PosE
  __Lib_Glcd__Glcd_Write_Char_Return_PosE
  L___Lib_Glcd__Glcd_Write_Char_Return_PosE527
  L___Lib_Glcd__Glcd_Write_Char_Return_PosE528
  L_end_Glcd_Move_Cursor
  __Lib_Glcd_Glcd_Move_Cursor
  L_end_Glcd_Write_Text_Return_Pos
  _Glcd_Write_Text_Return_Pos
  L__Glcd_Write_Text_Return_Pos531
  L__Glcd_Write_Text_Return_Pos532
  L__Glcd_Write_Text_Return_Pos533
  L__Glcd_Write_Text_Return_Pos534
  L_end_Glcd_Write_Const_Text_Return_Pos
  _Glcd_Write_Const_Text_Return_Pos
  L__Glcd_Write_Const_Text_Return_Pos536
  L__Glcd_Write_Const_Text_Return_Pos537
  L__Glcd_Write_Const_Text_Return_Pos538
  L__Glcd_Write_Const_Text_Return_Pos539
  L_end_Glcd_Write_Char_Adv
  _Glcd_Write_Char_Adv
  L__Glcd_Write_Char_Adv541
  L__Glcd_Write_Char_Adv542
  L__Glcd_Write_Char_Adv543
  L_end_Glcd_Write_Text_Adv
  _Glcd_Write_Text_Adv
  L__Glcd_Write_Text_Adv545
  L__Glcd_Write_Text_Adv546
  L__Glcd_Write_Text_Adv547
  L__Glcd_Write_Text_Adv548
  L_end_Glcd_Write_Const_Text_Adv
  _Glcd_Write_Const_Text_Adv
  L__Glcd_Write_Const_Text_Adv550
  L__Glcd_Write_Const_Text_Adv551
  L__Glcd_Write_Const_Text_Adv552
  L__Glcd_Write_Const_Text_Adv553
  L_end_Glcd_Ext_Image
  _Glcd_Ext_Image
  L__Glcd_Ext_Image555
  L__Glcd_Ext_Image556
  L__Glcd_Ext_Image557
  L__Glcd_Ext_Image558
  L__Glcd_Ext_Image559
  L_end_Glcd_Ext_PartialImage
  _Glcd_Ext_PartialImage
  L__Glcd_Ext_PartialImage561
  L__Glcd_Ext_PartialImage562
  L__Glcd_Ext_PartialImage563
  L__Glcd_Ext_PartialImage564
  L__Glcd_Ext_PartialImage565
  L__Glcd_Ext_PartialImage566
  L__Glcd_Ext_PartialImage567
  L__Glcd_Ext_PartialImage568
  L__Glcd_Ext_PartialImage569
  L__Glcd_Ext_PartialImage570
  L__Glcd_Ext_PartialImage571
  L__Glcd_Ext_PartialImage572
  L__Glcd_Ext_PartialImage573
  L__Glcd_Ext_PartialImage574
  L__Glcd_Ext_PartialImage575
  L__Glcd_Ext_PartialImage576
  L__Glcd_Ext_PartialImage577
  L__Glcd_Ext_PartialImage578
  L__Glcd_Ext_PartialImage579
  L__Glcd_Ext_PartialImage580
  L__Glcd_Ext_PartialImage581
  L__Glcd_Ext_PartialImage582
  L__Glcd_Ext_PartialImage583
