0	1	mikroCdsPIC.exe -MSF -DBG -pP33EP256MU806 -GC -DL -SSA -O11111114 -fo10 -N"C:\Users\Alejandro\Documents\Git\M2\MyProject.mcpds" -SP"C:\Users\Public\Documents\Mikroelektronika\mikroC PRO for dsPIC\defs\" -SP"C:\Users\Public\Documents\Mikroelektronika\mikroC PRO for dsPIC\uses\" -SP"C:\Users\Alejandro\Documents\Git\M2\" -IP"C:\Users\Alejandro\Documents\Git\M2\" "Lab1.c" "__Lib_Math.mcl" "__Lib_MathDouble.mcl" "__Lib_System.mcl" "__Lib_Delays.mcl" "__Lib_CType.mcl" "__Lib_CString.mcl" "__Lib_CStdlib.mcl" "__Lib_CMath.mcl" "__Lib_Setjmp.mcl" "__Lib_MemManager.mcl" "__Lib_Conversions.mcl" "__Lib_Sprintf.mcl" "__Lib_PrintOut.mcl" "__Lib_Sprinti.mcl" "__Lib_Sprintl.mcl" "__Lib_Time.mcl" "__Lib_Trigonometry.mcl" "__Lib_Button.mcl" "__Lib_Keypad4x4.mcl" "__Lib_Manchester.mcl" "__Lib_OneWire.mcl" "__Lib_PS2.mcl" "__Lib_Sound.mcl" "__Lib_SoftI2C.mcl" "__Lib_SoftSPI.mcl" "__Lib_SoftUART.mcl" "__Lib_ADC_12_p33EP806.mcl" "__Lib_FLASH_p24_p33EP.mcl" "__Lib_I2C_12_p24_p33.mcl" "__Lib_SPI_123_p24fj.mcl" "__Lib_UART_1234_p24_p33.mcl" "__Lib_ECAN_12_EP.mcl" "__Lib_PPS_p33EP512MU806.mcl" "__Lib_USB_EP.mcl" "__Lib_PortExpander.mcl" "__Lib_CANSPI.mcl" "__Lib_CF.mcl" "__Lib_CFFat16.mcl" "__Lib_GlcdFonts.mcl" "__Lib_Glcd.mcl" "__Lib_LcdConsts.mcl" "__Lib_Lcd.mcl" "__Lib_Mmc.mcl" "__Lib_MmcFat16.mcl" "__Lib_MmcFat16Constants.mcl" "__Lib_RS485.mcl" "__Lib_S1D13700.mcl" "__Lib_T6963C.mcl" "__Lib_SPIGlcd.mcl" "__Lib_SPILcd.mcl" "__Lib_SPILcd8.mcl" "__Lib_SPIT6963C.mcl" "__Lib_EthEnc28j60.mcl" "__Lib_EthEnc24j600.mcl" "__Lib_TFT.mcl" "__Lib_TouchPanel_TFT.mcl" "__Lib_TouchPanel.mcl" "__Lib_BitReverseComplex.mcl" "__Lib_FFT.mcl" "__Lib_FirRadix.mcl" "__Lib_IirRadix.mcl" "__Lib_Matrices.mcl" "__Lib_TwiddleFactors.mcl" "__Lib_Q15.mcl" "__Lib_Vectors.mcl"	 
diagnostics: 0	121	Loading...	 
diagnostics: 0	126	All files Preprocessed in 2606 ms	 
diagnostics: 0	122	Compilation Started	barras.h
hint: 0	1004	interrupt handler (INT0 at 0x0014)	Lab1.c
hint: 0	1004	interrupt handler (INT1 at 0x003C)	Lab1.c
hint: 0	1004	interrupt handler (INT2 at 0x004E)	Lab1.c
hint: 0	1004	interrupt handler (INT3 at 0x007E)	Lab1.c
hint: 0	1004	interrupt handler (INT4 at 0x0080)	Lab1.c
hint: 0	1004	interrupt handler (INT_CN at 0x003A)	Lab1.c
diagnostics: 475	123	Compiled Successfully	Lab1.c
diagnostics: 0	127	All files Compiled in 6255 ms	 
hint: 0	1144	Used RX (bytes): 32 (100%)   Free RX (bytes): 0 (0%)	Used RX (bytes): 32 (100%)   Free RX (bytes): 0 (0%)
hint: 0	1144	Static RAM (bytes): 286   Dynamic RAM (bytes): 28450	Static RAM (bytes): 286   Dynamic RAM (bytes): 28450
hint: 0	1144	Used ROM (bytes): 11204 (6%)  Free ROM (bytes): 163900 (94%)	Used ROM (bytes): 11204 (6%)  Free ROM (bytes): 163900 (94%)
diagnostics: 0	125	Project Linked Successfully	MyProject.mcpds
hint: 0	1004	COFF file successfully generated	COFF file successfully generated
diagnostics: 0	128	Linked in 41028 ms	 
diagnostics: 0	129	Project 'MyProject.mcpds' completed: 57377 ms	 
diagnostics: 0	103	Finished successfully: 21 mar 2018, 09:47:08	MyProject.mcpds
